<?xml version="1.0" encoding="UTF-8"?>
<!-- Generated by org.testng.reporters.JUnitXMLReporter -->
<testsuite ignored="0" hostname="BAC-LP-317" failures="0" tests="6" name="Default test" time="9.667" errors="0" timestamp="2024-10-21T10:53:14 MYT">
  <testcase classname="api.test.DDTests" name="testPostuser" time="2.578"/>
  <testcase classname="api.test.DDTests" name="testPostuser" time="1.184"/>
  <testcase classname="api.test.DDTests" name="testPostuser" time="1.246"/>
  <testcase classname="api.test.DDTests" name="testDeleteUserByName" time="1.198"/>
  <testcase classname="api.test.DDTests" name="testDeleteUserByName" time="1.221"/>
  <testcase classname="api.test.DDTests" name="testDeleteUserByName" time="1.178"/>
</testsuite> <!-- Default test -->
