<?xml version="1.0" encoding="UTF-8"?>
<!-- Generated by org.testng.reporters.JUnitXMLReporter -->
<testsuite ignored="0" hostname="BAC-LP-317" failures="0" tests="14" name="Test" time="22.758" errors="0" timestamp="2024-10-21T12:47:29 MYT">
  <testcase classname="api.test.UserTests" name="testPostUser" time="2.549"/>
  <testcase classname="api.test.UserTests" name="testGetUserByName" time="1.272"/>
  <testcase classname="api.test.UserTests" name="testupdateUserByName" time="2.511"/>
  <testcase classname="api.test.UserTests" name="testDeleteUserByName" time="1.287"/>
  <testcase classname="api.test.UserTests2" name="testPostUser" time="1.199"/>
  <testcase classname="api.test.UserTests2" name="testGetUserByName" time="1.242"/>
  <testcase classname="api.test.UserTests2" name="testUpdateUserByName" time="2.569"/>
  <testcase classname="api.test.UserTests2" name="testDeleteUserByName" time="1.286"/>
  <testcase classname="api.test.DDTests" name="testPostuser" time="1.274"/>
  <testcase classname="api.test.DDTests" name="testPostuser" time="1.175"/>
  <testcase classname="api.test.DDTests" name="testPostuser" time="1.174"/>
  <testcase classname="api.test.DDTests" name="testDeleteUserByName" time="1.252"/>
  <testcase classname="api.test.DDTests" name="testDeleteUserByName" time="1.283"/>
  <testcase classname="api.test.DDTests" name="testDeleteUserByName" time="1.187"/>
</testsuite> <!-- Test -->
