<?xml version="1.0" encoding="UTF-8"?>
<testng-results ignored="0" total="14" passed="14" failed="0" skipped="0">
  <reporter-output>
  </reporter-output>
  <suite started-at="2024-10-21T12:47:06 MYT" name="Suite" finished-at="2024-10-21T12:47:29 MYT" duration-ms="22758">
    <groups>
    </groups>
    <test started-at="2024-10-21T12:47:06 MYT" name="Test" finished-at="2024-10-21T12:47:29 MYT" duration-ms="22758">
      <class name="api.test.UserTests2">
        <test-method is-config="true" signature="setup()[pri:0, instance:api.test.UserTests2@1aafa419]" started-at="2024-10-21T12:47:14 MYT" name="setup" finished-at="2024-10-21T12:47:14 MYT" duration-ms="31" status="PASS">
          <reporter-output>
          </reporter-output>
        </test-method> <!-- setup -->
        <test-method signature="testPostUser()[pri:1, instance:api.test.UserTests2@1aafa419]" started-at="2024-10-21T12:47:14 MYT" name="testPostUser" finished-at="2024-10-21T12:47:15 MYT" duration-ms="1199" status="PASS">
          <reporter-output>
          </reporter-output>
        </test-method> <!-- testPostUser -->
        <test-method signature="testGetUserByName()[pri:2, instance:api.test.UserTests2@1aafa419]" started-at="2024-10-21T12:47:15 MYT" name="testGetUserByName" finished-at="2024-10-21T12:47:16 MYT" duration-ms="1242" status="PASS">
          <reporter-output>
          </reporter-output>
        </test-method> <!-- testGetUserByName -->
        <test-method signature="testUpdateUserByName()[pri:3, instance:api.test.UserTests2@1aafa419]" started-at="2024-10-21T12:47:16 MYT" name="testUpdateUserByName" finished-at="2024-10-21T12:47:19 MYT" duration-ms="2569" status="PASS">
          <reporter-output>
          </reporter-output>
        </test-method> <!-- testUpdateUserByName -->
        <test-method signature="testDeleteUserByName()[pri:4, instance:api.test.UserTests2@1aafa419]" started-at="2024-10-21T12:47:19 MYT" name="testDeleteUserByName" finished-at="2024-10-21T12:47:20 MYT" duration-ms="1286" status="PASS">
          <reporter-output>
          </reporter-output>
        </test-method> <!-- testDeleteUserByName -->
      </class> <!-- api.test.UserTests2 -->
      <class name="api.test.UserTests">
        <test-method is-config="true" signature="setup()[pri:0, instance:api.test.UserTests@459e9125]" started-at="2024-10-21T12:47:06 MYT" name="setup" finished-at="2024-10-21T12:47:06 MYT" duration-ms="445" status="PASS">
          <reporter-output>
          </reporter-output>
        </test-method> <!-- setup -->
        <test-method signature="testPostUser()[pri:1, instance:api.test.UserTests@459e9125]" started-at="2024-10-21T12:47:06 MYT" name="testPostUser" finished-at="2024-10-21T12:47:09 MYT" duration-ms="2549" status="PASS">
          <reporter-output>
          </reporter-output>
        </test-method> <!-- testPostUser -->
        <test-method signature="testGetUserByName()[pri:2, instance:api.test.UserTests@459e9125]" started-at="2024-10-21T12:47:09 MYT" name="testGetUserByName" finished-at="2024-10-21T12:47:10 MYT" duration-ms="1272" status="PASS">
          <reporter-output>
          </reporter-output>
        </test-method> <!-- testGetUserByName -->
        <test-method signature="testupdateUserByName()[pri:3, instance:api.test.UserTests@459e9125]" started-at="2024-10-21T12:47:10 MYT" name="testupdateUserByName" finished-at="2024-10-21T12:47:13 MYT" duration-ms="2511" status="PASS">
          <reporter-output>
          </reporter-output>
        </test-method> <!-- testupdateUserByName -->
        <test-method signature="testDeleteUserByName()[pri:4, instance:api.test.UserTests@459e9125]" started-at="2024-10-21T12:47:13 MYT" name="testDeleteUserByName" finished-at="2024-10-21T12:47:14 MYT" duration-ms="1287" status="PASS">
          <reporter-output>
          </reporter-output>
        </test-method> <!-- testDeleteUserByName -->
      </class> <!-- api.test.UserTests -->
      <class name="api.test.DDTests">
        <test-method signature="testPostuser(java.lang.String,java.lang.String,java.lang.String,java.lang.String,java.lang.String,java.lang.String,java.lang.String)[pri:1, instance:api.test.DDTests@47eaca72]" started-at="2024-10-21T12:47:21 MYT" name="testPostuser" data-provider="Data" finished-at="2024-10-21T12:47:22 MYT" duration-ms="1274" status="PASS">
          <params>
            <param index="0">
              <value>
                <![CDATA[1010]]>
              </value>
            </param>
            <param index="1">
              <value>
                <![CDATA[testuser1]]>
              </value>
            </param>
            <param index="2">
              <value>
                <![CDATA[John]]>
              </value>
            </param>
            <param index="3">
              <value>
                <![CDATA[Canedy]]>
              </value>
            </param>
            <param index="4">
              <value>
                <![CDATA[a@gmail.com]]>
              </value>
            </param>
            <param index="5">
              <value>
                <![CDATA[test@1]]>
              </value>
            </param>
            <param index="6">
              <value>
                <![CDATA[1234567897]]>
              </value>
            </param>
          </params>
          <reporter-output>
          </reporter-output>
        </test-method> <!-- testPostuser -->
        <test-method signature="testPostuser(java.lang.String,java.lang.String,java.lang.String,java.lang.String,java.lang.String,java.lang.String,java.lang.String)[pri:1, instance:api.test.DDTests@47eaca72]" started-at="2024-10-21T12:47:22 MYT" name="testPostuser" data-provider="Data" finished-at="2024-10-21T12:47:24 MYT" duration-ms="1175" status="PASS">
          <params>
            <param index="0">
              <value>
                <![CDATA[1020]]>
              </value>
            </param>
            <param index="1">
              <value>
                <![CDATA[testuser2]]>
              </value>
            </param>
            <param index="2">
              <value>
                <![CDATA[Kim]]>
              </value>
            </param>
            <param index="3">
              <value>
                <![CDATA[Kom]]>
              </value>
            </param>
            <param index="4">
              <value>
                <![CDATA[b@gmail.com]]>
              </value>
            </param>
            <param index="5">
              <value>
                <![CDATA[test@2]]>
              </value>
            </param>
            <param index="6">
              <value>
                <![CDATA[1234567897]]>
              </value>
            </param>
          </params>
          <reporter-output>
          </reporter-output>
        </test-method> <!-- testPostuser -->
        <test-method signature="testPostuser(java.lang.String,java.lang.String,java.lang.String,java.lang.String,java.lang.String,java.lang.String,java.lang.String)[pri:1, instance:api.test.DDTests@47eaca72]" started-at="2024-10-21T12:47:24 MYT" name="testPostuser" data-provider="Data" finished-at="2024-10-21T12:47:25 MYT" duration-ms="1174" status="PASS">
          <params>
            <param index="0">
              <value>
                <![CDATA[1030]]>
              </value>
            </param>
            <param index="1">
              <value>
                <![CDATA[testuser3]]>
              </value>
            </param>
            <param index="2">
              <value>
                <![CDATA[Smith]]>
              </value>
            </param>
            <param index="3">
              <value>
                <![CDATA[Steve]]>
              </value>
            </param>
            <param index="4">
              <value>
                <![CDATA[c@gmail.com]]>
              </value>
            </param>
            <param index="5">
              <value>
                <![CDATA[test@3]]>
              </value>
            </param>
            <param index="6">
              <value>
                <![CDATA[1234567897]]>
              </value>
            </param>
          </params>
          <reporter-output>
          </reporter-output>
        </test-method> <!-- testPostuser -->
        <test-method signature="testDeleteUserByName(java.lang.String)[pri:2, instance:api.test.DDTests@47eaca72]" started-at="2024-10-21T12:47:25 MYT" name="testDeleteUserByName" data-provider="UserNames" finished-at="2024-10-21T12:47:26 MYT" duration-ms="1252" status="PASS">
          <params>
            <param index="0">
              <value>
                <![CDATA[testuser1]]>
              </value>
            </param>
          </params>
          <reporter-output>
          </reporter-output>
        </test-method> <!-- testDeleteUserByName -->
        <test-method signature="testDeleteUserByName(java.lang.String)[pri:2, instance:api.test.DDTests@47eaca72]" started-at="2024-10-21T12:47:26 MYT" name="testDeleteUserByName" data-provider="UserNames" finished-at="2024-10-21T12:47:27 MYT" duration-ms="1283" status="PASS">
          <params>
            <param index="0">
              <value>
                <![CDATA[testuser2]]>
              </value>
            </param>
          </params>
          <reporter-output>
          </reporter-output>
        </test-method> <!-- testDeleteUserByName -->
        <test-method signature="testDeleteUserByName(java.lang.String)[pri:2, instance:api.test.DDTests@47eaca72]" started-at="2024-10-21T12:47:27 MYT" name="testDeleteUserByName" data-provider="UserNames" finished-at="2024-10-21T12:47:29 MYT" duration-ms="1187" status="PASS">
          <params>
            <param index="0">
              <value>
                <![CDATA[testuser3]]>
              </value>
            </param>
          </params>
          <reporter-output>
          </reporter-output>
        </test-method> <!-- testDeleteUserByName -->
      </class> <!-- api.test.DDTests -->
    </test> <!-- Test -->
  </suite> <!-- Suite -->
</testng-results>
